Hmm ... looks like a package
This is pdfTeX, Version 3.1415926-2.5-1.40.14 (TeX Live 2013)
 restricted \write18 enabled.
entering extended mode
(./Rd2.tex
LaTeX2e <2011/06/27>
Babel <v3.8m> and hyphenation patterns for english, dumylang, nohyphenation, lo
aded.

(/usr/share/texlive/texmf-dist/tex/latex/base/book.cls
Document Class: book 2007/10/19 v1.4h Standard LaTeX document class
(/usr/share/texlive/texmf-dist/tex/latex/base/bk10.clo))
(/sw/arcts/centos7/R/3.3.3/lib64/R/share/texmf/tex/latex/Rd.sty
(/usr/share/texlive/texmf-dist/tex/latex/base/ifthen.sty)
(/usr/share/texlive/texmf-dist/tex/latex/tools/longtable.sty)
(/usr/share/texlive/texmf-dist/tex/latex/tools/bm.sty)
(/usr/share/texlive/texmf-dist/tex/latex/base/alltt.sty)
(/usr/share/texlive/texmf-dist/tex/latex/tools/verbatim.sty)
(/usr/share/texlive/texmf-dist/tex/latex/url/url.sty)
(/usr/share/texlive/texmf-dist/tex/latex/base/textcomp.sty
(/usr/share/texlive/texmf-dist/tex/latex/base/ts1enc.def))
(/usr/share/texlive/texmf-dist/tex/latex/base/fontenc.sty
(/usr/share/texlive/texmf-dist/tex/latex/base/t1enc.def))
(/usr/share/texlive/texmf-dist/tex/latex/psnfss/times.sty)
(/usr/share/texlive/texmf-dist/tex/latex/graphics/color.sty
(/usr/share/texlive/texmf-dist/tex/latex/latexconfig/color.cfg)
(/usr/share/texlive/texmf-dist/tex/latex/pdftex-def/pdftex.def
(/usr/share/texlive/texmf-dist/tex/generic/oberdiek/infwarerr.sty)
(/usr/share/texlive/texmf-dist/tex/generic/oberdiek/ltxcmds.sty)))
(/usr/share/texlive/texmf-dist/tex/latex/hyperref/hyperref.sty
(/usr/share/texlive/texmf-dist/tex/generic/oberdiek/hobsub-hyperref.sty
(/usr/share/texlive/texmf-dist/tex/generic/oberdiek/hobsub-generic.sty))
(/usr/share/texlive/texmf-dist/tex/latex/graphics/keyval.sty)
(/usr/share/texlive/texmf-dist/tex/generic/ifxetex/ifxetex.sty)
(/usr/share/texlive/texmf-dist/tex/latex/oberdiek/auxhook.sty)
(/usr/share/texlive/texmf-dist/tex/latex/oberdiek/kvoptions.sty)
(/usr/share/texlive/texmf-dist/tex/latex/hyperref/pd1enc.def)
(/usr/share/texlive/texmf-dist/tex/latex/latexconfig/hyperref.cfg))

Package hyperref Message: Driver (autodetected): hpdftex.

(/usr/share/texlive/texmf-dist/tex/latex/hyperref/hpdftex.def
(/usr/share/texlive/texmf-dist/tex/latex/oberdiek/rerunfilecheck.sty))

Package hyperref Warning: Option `hyperindex' has already been used,
(hyperref)                setting the option has no effect on input line 366.


Package hyperref Warning: Option `pagebackref' has already been used,
(hyperref)                setting the option has no effect on input line 366.

) (/usr/share/texlive/texmf-dist/tex/latex/base/makeidx.sty)
(/usr/share/texlive/texmf-dist/tex/latex/base/inputenc.sty
(/usr/share/texlive/texmf-dist/tex/latex/base/utf8.def
(/usr/share/texlive/texmf-dist/tex/latex/base/t1enc.dfu)
(/usr/share/texlive/texmf-dist/tex/latex/base/ot1enc.dfu)
(/usr/share/texlive/texmf-dist/tex/latex/base/omsenc.dfu)
(/usr/share/texlive/texmf-dist/tex/latex/base/ts1enc.dfu))
(/usr/share/texlive/texmf-dist/tex/latex/base/latin1.def))
Writing index file Rd2.idx
No file Rd2.aux.
(/usr/share/texlive/texmf-dist/tex/latex/base/ts1cmr.fd)
(/usr/share/texlive/texmf-dist/tex/latex/psnfss/t1ptm.fd)
(/usr/share/texlive/texmf-dist/tex/context/base/supp-pdf.mkii
[Loading MPS to PDF converter (version 2006.09.02).]
) (/usr/share/texlive/texmf-dist/tex/latex/hyperref/nameref.sty
(/usr/share/texlive/texmf-dist/tex/generic/oberdiek/gettitlestring.sty))
(/usr/share/texlive/texmf-dist/tex/latex/psnfss/t1pcr.fd)
(/usr/share/texlive/texmf-dist/tex/latex/psnfss/t1phv.fd)
(/usr/share/texlive/texmf-dist/tex/latex/base/utf8.def)
Overfull \vbox (29.06697pt too high) has occurred while \output is active
[1{/usr/share/texlive/texmf/fonts/map/pdftex/updmap/pdftex.map}]
(/usr/share/texlive/texmf-dist/tex/latex/base/utf8.def)
(/usr/share/texlive/texmf-dist/tex/latex/base/utf8.def) [2]
Overfull \hbox (20.58041pt too wide) in paragraph at lines 137--137
 []\T1/pcr/m/n/9 Get_Kernel_Matrix(y.list, x.list, G.list, n.cohort = 4, Group_
Idx=c(1,1,2,3))[] 
[3]
Overfull \hbox (69.18036pt too wide) in paragraph at lines 140--140
 []\T1/pcr/m/n/9 Get_Kernel_Matrix(y.list, x.list, G.list, n.cohort = 4, is.Gen
etic.Similarity = FALSE)[] 
(/usr/share/texlive/texmf-dist/tex/latex/base/utf8.def)
(/usr/share/texlive/texmf-dist/tex/latex/base/utf8.def)
Overfull \hbox (5.76704pt too wide) in paragraph at lines 171--172
[]\T1/ptm/m/n/10 Compute model pa-ram-e-ters and resid-u-als un-der the null mo
del (H0) of no as-so-ci-a-tions for population-

Overfull \hbox (6.78088pt too wide) in paragraph at lines 176--176
 []\T1/pcr/m/n/10 TransMeta_Rare_Null_Model(y.list, x.list, n.cohort, out_type 
= "C",[] 
[4]
Overfull \hbox (58.38037pt too wide) in paragraph at lines 217--217
 []\T1/pcr/m/n/9 TransMeta_Rare_wZ (G.list[[1]], obj, Kernel = Genetic_Kernel)$
p.value.normCopula.adj[] 

Overfull \hbox (4.38043pt too wide) in paragraph at lines 223--223
 []\T1/pcr/m/n/9 obj = TransMeta_Rare_Null_Model (y.list, x.list, n.cohort=4, o
ut_type="C")[] 

Overfull \hbox (58.38037pt too wide) in paragraph at lines 225--225
 []\T1/pcr/m/n/9 TransMeta_Rare_wZ (G.list[[1]], obj, Kernel = Genetic_Kernel)$
p.value.normCopula.adj[] 
(/usr/share/texlive/texmf-dist/tex/latex/base/utf8.def)
Overfull \hbox (42.78088pt too wide) in paragraph at lines 239--239
 []\T1/pcr/m/n/10 TransMeta_Rare_Null_Model_EmmaX(y.list, x.list, n.cohort, out
_type = "C",[] 
[5]
Overfull \hbox (74.58035pt too wide) in paragraph at lines 283--283
 []\T1/pcr/m/n/9 obj = TransMeta_Rare_Null_Model_EmmaX(y.list, x.list, n.cohort
=4, out_type="C", K.list)[] 

Overfull \hbox (58.38037pt too wide) in paragraph at lines 285--285
 []\T1/pcr/m/n/9 TransMeta_Rare_wZ (G.list[[1]], obj, Kernel = Genetic_Kernel)$
p.value.normCopula.adj[] 
(/usr/share/texlive/texmf-dist/tex/latex/base/utf8.def)
Overfull \hbox (54.78088pt too wide) in paragraph at lines 301--301
 []\T1/pcr/m/n/10 TransMeta_Rare_wZ(Z, obj, combined.weight = FALSE, weights.be
ta = c(1, 25),[] 
[6]
Overfull \hbox (18.78088pt too wide) in paragraph at lines 303--303
 [] \T1/pcr/m/n/10 rho1 = c(0, 1), rho2 = c(0, 0.09, 0.25, 1), impute.method = 
"fixed",[] 

Overfull \hbox (74.5871pt too wide) in paragraph at lines 314--315
[]\T1/ptm/m/n/10 an out-put ob-ject from the Trans-Meta_Rare_Null_Model or Tran
s-Meta_Rare_Null_Model_EmmaX
[7]
Overfull \hbox (58.38037pt too wide) in paragraph at lines 376--376
 []\T1/pcr/m/n/9 TransMeta_Rare_wZ (G.list[[1]], obj, Kernel = Genetic_Kernel)$
p.value.normCopula.adj[] 
[8]
Overfull \hbox (25.98041pt too wide) in paragraph at lines 380--380
 []\T1/pcr/m/n/9 Genetic_Kernel_Group = Get_Kernel_Matrix(y.list, x.list, G.lis
t, n.cohort = 4,[] 

Overfull \hbox (69.18036pt too wide) in paragraph at lines 388--388
 []\T1/pcr/m/n/9 obj<-TransMeta_Rare_Null_Model_EmmaX(y.list, x.list, n.cohort=
4, out_type="C", K.list)[] 

Overfull \hbox (58.38037pt too wide) in paragraph at lines 390--390
 []\T1/pcr/m/n/9 TransMeta_Rare_wZ (G.list[[1]], obj, Kernel = Genetic_Kernel)$
p.value.normCopula.adj[] 
(/usr/share/texlive/texmf-dist/tex/latex/base/utf8.def)
(/usr/share/texlive/texmf-dist/tex/latex/base/utf8.def) [9]
No file Rd2.ind.
[10] (./Rd2.aux)

Package rerunfilecheck Warning: File `Rd2.out' has changed.
(rerunfilecheck)                Rerun to get outlines right
(rerunfilecheck)                or use package `bookmark'.

 )
(see the transcript file for additional information){/usr/share/texlive/texmf-d
ist/fonts/enc/dvips/base/8r.enc}</usr/share/texlive/texmf-dist/fonts/type1/publ
ic/amsfonts/cm/cmmi10.pfb></usr/share/texlive/texmf-dist/fonts/type1/public/ams
fonts/cm/cmmi7.pfb></usr/share/texlive/texmf-dist/fonts/type1/urw/courier/ucrr8
a.pfb></usr/share/texlive/texmf-dist/fonts/type1/urw/helvetic/uhvr8a.pfb></usr/
share/texlive/texmf-dist/fonts/type1/urw/times/utmb8a.pfb></usr/share/texlive/t
exmf-dist/fonts/type1/urw/times/utmr8a.pfb></usr/share/texlive/texmf-dist/fonts
/type1/urw/times/utmr8a.pfb></usr/share/texlive/texmf-dist/fonts/type1/urw/time
s/utmri8a.pfb>
Output written on Rd2.pdf (10 pages, 102811 bytes).
Transcript written on Rd2.log.
This is makeindex, version 2.15 [TeX Live 2013] (kpathsea + Thai support).
Scanning input file Rd2.idx....done (18 entries accepted, 0 rejected).
Sorting entries....done (79 comparisons).
Generating output file Rd2.ind....done (41 lines written, 0 warnings).
Output written in Rd2.ind.
Transcript written in Rd2.ilg.
This is pdfTeX, Version 3.1415926-2.5-1.40.14 (TeX Live 2013)
 restricted \write18 enabled.
entering extended mode
(./Rd2.tex
LaTeX2e <2011/06/27>
Babel <v3.8m> and hyphenation patterns for english, dumylang, nohyphenation, lo
aded.

(/usr/share/texlive/texmf-dist/tex/latex/base/book.cls
Document Class: book 2007/10/19 v1.4h Standard LaTeX document class
(/usr/share/texlive/texmf-dist/tex/latex/base/bk10.clo))
(/sw/arcts/centos7/R/3.3.3/lib64/R/share/texmf/tex/latex/Rd.sty
(/usr/share/texlive/texmf-dist/tex/latex/base/ifthen.sty)
(/usr/share/texlive/texmf-dist/tex/latex/tools/longtable.sty)
(/usr/share/texlive/texmf-dist/tex/latex/tools/bm.sty)
(/usr/share/texlive/texmf-dist/tex/latex/base/alltt.sty)
(/usr/share/texlive/texmf-dist/tex/latex/tools/verbatim.sty)
(/usr/share/texlive/texmf-dist/tex/latex/url/url.sty)
(/usr/share/texlive/texmf-dist/tex/latex/base/textcomp.sty
(/usr/share/texlive/texmf-dist/tex/latex/base/ts1enc.def))
(/usr/share/texlive/texmf-dist/tex/latex/base/fontenc.sty
(/usr/share/texlive/texmf-dist/tex/latex/base/t1enc.def))
(/usr/share/texlive/texmf-dist/tex/latex/psnfss/times.sty)
(/usr/share/texlive/texmf-dist/tex/latex/graphics/color.sty
(/usr/share/texlive/texmf-dist/tex/latex/latexconfig/color.cfg)
(/usr/share/texlive/texmf-dist/tex/latex/pdftex-def/pdftex.def
(/usr/share/texlive/texmf-dist/tex/generic/oberdiek/infwarerr.sty)
(/usr/share/texlive/texmf-dist/tex/generic/oberdiek/ltxcmds.sty)))
(/usr/share/texlive/texmf-dist/tex/latex/hyperref/hyperref.sty
(/usr/share/texlive/texmf-dist/tex/generic/oberdiek/hobsub-hyperref.sty
(/usr/share/texlive/texmf-dist/tex/generic/oberdiek/hobsub-generic.sty))
(/usr/share/texlive/texmf-dist/tex/latex/graphics/keyval.sty)
(/usr/share/texlive/texmf-dist/tex/generic/ifxetex/ifxetex.sty)
(/usr/share/texlive/texmf-dist/tex/latex/oberdiek/auxhook.sty)
(/usr/share/texlive/texmf-dist/tex/latex/oberdiek/kvoptions.sty)
(/usr/share/texlive/texmf-dist/tex/latex/hyperref/pd1enc.def)
(/usr/share/texlive/texmf-dist/tex/latex/latexconfig/hyperref.cfg))

Package hyperref Message: Driver (autodetected): hpdftex.

(/usr/share/texlive/texmf-dist/tex/latex/hyperref/hpdftex.def
(/usr/share/texlive/texmf-dist/tex/latex/oberdiek/rerunfilecheck.sty))

Package hyperref Warning: Option `hyperindex' has already been used,
(hyperref)                setting the option has no effect on input line 366.


Package hyperref Warning: Option `pagebackref' has already been used,
(hyperref)                setting the option has no effect on input line 366.

) (/usr/share/texlive/texmf-dist/tex/latex/base/makeidx.sty)
(/usr/share/texlive/texmf-dist/tex/latex/base/inputenc.sty
(/usr/share/texlive/texmf-dist/tex/latex/base/utf8.def
(/usr/share/texlive/texmf-dist/tex/latex/base/t1enc.dfu)
(/usr/share/texlive/texmf-dist/tex/latex/base/ot1enc.dfu)
(/usr/share/texlive/texmf-dist/tex/latex/base/omsenc.dfu)
(/usr/share/texlive/texmf-dist/tex/latex/base/ts1enc.dfu))
(/usr/share/texlive/texmf-dist/tex/latex/base/latin1.def))
Writing index file Rd2.idx
(./Rd2.aux) (/usr/share/texlive/texmf-dist/tex/latex/base/ts1cmr.fd)
(/usr/share/texlive/texmf-dist/tex/latex/psnfss/t1ptm.fd)
(/usr/share/texlive/texmf-dist/tex/context/base/supp-pdf.mkii
[Loading MPS to PDF converter (version 2006.09.02).]
) (/usr/share/texlive/texmf-dist/tex/latex/hyperref/nameref.sty
(/usr/share/texlive/texmf-dist/tex/generic/oberdiek/gettitlestring.sty))
(./Rd2.out) (./Rd2.out)
(/usr/share/texlive/texmf-dist/tex/latex/psnfss/t1pcr.fd)
(/usr/share/texlive/texmf-dist/tex/latex/psnfss/t1phv.fd) (./Rd2.toc)
(/usr/share/texlive/texmf-dist/tex/latex/base/utf8.def) [1{/usr/share/texlive/t
exmf/fonts/map/pdftex/updmap/pdftex.map}]
(/usr/share/texlive/texmf-dist/tex/latex/base/utf8.def) [2]
(/usr/share/texlive/texmf-dist/tex/latex/base/utf8.def) [3]
Overfull \hbox (20.58041pt too wide) in paragraph at lines 137--137
 []\T1/pcr/m/n/9 Get_Kernel_Matrix(y.list, x.list, G.list, n.cohort = 4, Group_
Idx=c(1,1,2,3))[] 

Overfull \hbox (69.18036pt too wide) in paragraph at lines 140--140
 []\T1/pcr/m/n/9 Get_Kernel_Matrix(y.list, x.list, G.list, n.cohort = 4, is.Gen
etic.Similarity = FALSE)[] 
(/usr/share/texlive/texmf-dist/tex/latex/base/utf8.def)
(/usr/share/texlive/texmf-dist/tex/latex/base/utf8.def)
Overfull \hbox (5.76704pt too wide) in paragraph at lines 171--172
[]\T1/ptm/m/n/10 Compute model pa-ram-e-ters and resid-u-als un-der the null mo
del (H0) of no as-so-ci-a-tions for population-

Overfull \hbox (6.78088pt too wide) in paragraph at lines 176--176
 []\T1/pcr/m/n/10 TransMeta_Rare_Null_Model(y.list, x.list, n.cohort, out_type 
= "C",[] 
[4]
Overfull \hbox (58.38037pt too wide) in paragraph at lines 217--217
 []\T1/pcr/m/n/9 TransMeta_Rare_wZ (G.list[[1]], obj, Kernel = Genetic_Kernel)$
p.value.normCopula.adj[] 

Overfull \hbox (4.38043pt too wide) in paragraph at lines 223--223
 []\T1/pcr/m/n/9 obj = TransMeta_Rare_Null_Model (y.list, x.list, n.cohort=4, o
ut_type="C")[] 

Overfull \hbox (58.38037pt too wide) in paragraph at lines 225--225
 []\T1/pcr/m/n/9 TransMeta_Rare_wZ (G.list[[1]], obj, Kernel = Genetic_Kernel)$
p.value.normCopula.adj[] 
(/usr/share/texlive/texmf-dist/tex/latex/base/utf8.def) [5]
Overfull \hbox (42.78088pt too wide) in paragraph at lines 239--239
 []\T1/pcr/m/n/10 TransMeta_Rare_Null_Model_EmmaX(y.list, x.list, n.cohort, out
_type = "C",[] 

Overfull \hbox (74.58035pt too wide) in paragraph at lines 283--283
 []\T1/pcr/m/n/9 obj = TransMeta_Rare_Null_Model_EmmaX(y.list, x.list, n.cohort
=4, out_type="C", K.list)[] 

Overfull \hbox (58.38037pt too wide) in paragraph at lines 285--285
 []\T1/pcr/m/n/9 TransMeta_Rare_wZ (G.list[[1]], obj, Kernel = Genetic_Kernel)$
p.value.normCopula.adj[] 
[6] (/usr/share/texlive/texmf-dist/tex/latex/base/utf8.def)
Overfull \hbox (54.78088pt too wide) in paragraph at lines 301--301
 []\T1/pcr/m/n/10 TransMeta_Rare_wZ(Z, obj, combined.weight = FALSE, weights.be
ta = c(1, 25),[] 

Overfull \hbox (18.78088pt too wide) in paragraph at lines 303--303
 [] \T1/pcr/m/n/10 rho1 = c(0, 1), rho2 = c(0, 0.09, 0.25, 1), impute.method = 
"fixed",[] 

Overfull \hbox (74.5871pt too wide) in paragraph at lines 314--315
[]\T1/ptm/m/n/10 an out-put ob-ject from the Trans-Meta_Rare_Null_Model or Tran
s-Meta_Rare_Null_Model_EmmaX
[7] [8]
Overfull \hbox (58.38037pt too wide) in paragraph at lines 376--376
 []\T1/pcr/m/n/9 TransMeta_Rare_wZ (G.list[[1]], obj, Kernel = Genetic_Kernel)$
p.value.normCopula.adj[] 

Overfull \hbox (25.98041pt too wide) in paragraph at lines 380--380
 []\T1/pcr/m/n/9 Genetic_Kernel_Group = Get_Kernel_Matrix(y.list, x.list, G.lis
t, n.cohort = 4,[] 

Overfull \hbox (69.18036pt too wide) in paragraph at lines 388--388
 []\T1/pcr/m/n/9 obj<-TransMeta_Rare_Null_Model_EmmaX(y.list, x.list, n.cohort=
4, out_type="C", K.list)[] 

Overfull \hbox (58.38037pt too wide) in paragraph at lines 390--390
 []\T1/pcr/m/n/9 TransMeta_Rare_wZ (G.list[[1]], obj, Kernel = Genetic_Kernel)$
p.value.normCopula.adj[] 
(/usr/share/texlive/texmf-dist/tex/latex/base/utf8.def)
(/usr/share/texlive/texmf-dist/tex/latex/base/utf8.def) [9] (./Rd2.ind [10]
[11]) (./Rd2.aux)

Package rerunfilecheck Warning: File `Rd2.out' has changed.
(rerunfilecheck)                Rerun to get outlines right
(rerunfilecheck)                or use package `bookmark'.

 )
(see the transcript file for additional information){/usr/share/texlive/texmf-d
ist/fonts/enc/dvips/base/8r.enc}</usr/share/texlive/texmf-dist/fonts/type1/publ
ic/amsfonts/cm/cmmi10.pfb></usr/share/texlive/texmf-dist/fonts/type1/public/ams
fonts/cm/cmmi7.pfb></usr/share/texlive/texmf-dist/fonts/type1/public/amsfonts/c
m/cmsy10.pfb></usr/share/texlive/texmf-dist/fonts/type1/urw/courier/ucrr8a.pfb>
</usr/share/texlive/texmf-dist/fonts/type1/urw/courier/ucrro8a.pfb></usr/share/
texlive/texmf-dist/fonts/type1/urw/helvetic/uhvr8a.pfb></usr/share/texlive/texm
f-dist/fonts/type1/urw/times/utmb8a.pfb></usr/share/texlive/texmf-dist/fonts/ty
pe1/urw/times/utmr8a.pfb></usr/share/texlive/texmf-dist/fonts/type1/urw/times/u
tmr8a.pfb></usr/share/texlive/texmf-dist/fonts/type1/urw/times/utmri8a.pfb>
Output written on Rd2.pdf (11 pages, 120127 bytes).
Transcript written on Rd2.log.
This is makeindex, version 2.15 [TeX Live 2013] (kpathsea + Thai support).
Scanning input file Rd2.idx....done (18 entries accepted, 0 rejected).
Sorting entries....done (79 comparisons).
Generating output file Rd2.ind....done (41 lines written, 0 warnings).
Output written in Rd2.ind.
Transcript written in Rd2.ilg.
This is pdfTeX, Version 3.1415926-2.5-1.40.14 (TeX Live 2013)
 restricted \write18 enabled.
entering extended mode
(./Rd2.tex
LaTeX2e <2011/06/27>
Babel <v3.8m> and hyphenation patterns for english, dumylang, nohyphenation, lo
aded.

(/usr/share/texlive/texmf-dist/tex/latex/base/book.cls
Document Class: book 2007/10/19 v1.4h Standard LaTeX document class
(/usr/share/texlive/texmf-dist/tex/latex/base/bk10.clo))
(/sw/arcts/centos7/R/3.3.3/lib64/R/share/texmf/tex/latex/Rd.sty
(/usr/share/texlive/texmf-dist/tex/latex/base/ifthen.sty)
(/usr/share/texlive/texmf-dist/tex/latex/tools/longtable.sty)
(/usr/share/texlive/texmf-dist/tex/latex/tools/bm.sty)
(/usr/share/texlive/texmf-dist/tex/latex/base/alltt.sty)
(/usr/share/texlive/texmf-dist/tex/latex/tools/verbatim.sty)
(/usr/share/texlive/texmf-dist/tex/latex/url/url.sty)
(/usr/share/texlive/texmf-dist/tex/latex/base/textcomp.sty
(/usr/share/texlive/texmf-dist/tex/latex/base/ts1enc.def))
(/usr/share/texlive/texmf-dist/tex/latex/base/fontenc.sty
(/usr/share/texlive/texmf-dist/tex/latex/base/t1enc.def))
(/usr/share/texlive/texmf-dist/tex/latex/psnfss/times.sty)
(/usr/share/texlive/texmf-dist/tex/latex/graphics/color.sty
(/usr/share/texlive/texmf-dist/tex/latex/latexconfig/color.cfg)
(/usr/share/texlive/texmf-dist/tex/latex/pdftex-def/pdftex.def
(/usr/share/texlive/texmf-dist/tex/generic/oberdiek/infwarerr.sty)
(/usr/share/texlive/texmf-dist/tex/generic/oberdiek/ltxcmds.sty)))
(/usr/share/texlive/texmf-dist/tex/latex/hyperref/hyperref.sty
(/usr/share/texlive/texmf-dist/tex/generic/oberdiek/hobsub-hyperref.sty
(/usr/share/texlive/texmf-dist/tex/generic/oberdiek/hobsub-generic.sty))
(/usr/share/texlive/texmf-dist/tex/latex/graphics/keyval.sty)
(/usr/share/texlive/texmf-dist/tex/generic/ifxetex/ifxetex.sty)
(/usr/share/texlive/texmf-dist/tex/latex/oberdiek/auxhook.sty)
(/usr/share/texlive/texmf-dist/tex/latex/oberdiek/kvoptions.sty)
(/usr/share/texlive/texmf-dist/tex/latex/hyperref/pd1enc.def)
(/usr/share/texlive/texmf-dist/tex/latex/latexconfig/hyperref.cfg))

Package hyperref Message: Driver (autodetected): hpdftex.

(/usr/share/texlive/texmf-dist/tex/latex/hyperref/hpdftex.def
(/usr/share/texlive/texmf-dist/tex/latex/oberdiek/rerunfilecheck.sty))

Package hyperref Warning: Option `hyperindex' has already been used,
(hyperref)                setting the option has no effect on input line 366.


Package hyperref Warning: Option `pagebackref' has already been used,
(hyperref)                setting the option has no effect on input line 366.

) (/usr/share/texlive/texmf-dist/tex/latex/base/makeidx.sty)
(/usr/share/texlive/texmf-dist/tex/latex/base/inputenc.sty
(/usr/share/texlive/texmf-dist/tex/latex/base/utf8.def
(/usr/share/texlive/texmf-dist/tex/latex/base/t1enc.dfu)
(/usr/share/texlive/texmf-dist/tex/latex/base/ot1enc.dfu)
(/usr/share/texlive/texmf-dist/tex/latex/base/omsenc.dfu)
(/usr/share/texlive/texmf-dist/tex/latex/base/ts1enc.dfu))
(/usr/share/texlive/texmf-dist/tex/latex/base/latin1.def))
Writing index file Rd2.idx
(./Rd2.aux) (/usr/share/texlive/texmf-dist/tex/latex/base/ts1cmr.fd)
(/usr/share/texlive/texmf-dist/tex/latex/psnfss/t1ptm.fd)
(/usr/share/texlive/texmf-dist/tex/context/base/supp-pdf.mkii
[Loading MPS to PDF converter (version 2006.09.02).]
) (/usr/share/texlive/texmf-dist/tex/latex/hyperref/nameref.sty
(/usr/share/texlive/texmf-dist/tex/generic/oberdiek/gettitlestring.sty))
(./Rd2.out) (./Rd2.out)
(/usr/share/texlive/texmf-dist/tex/latex/psnfss/t1pcr.fd)
(/usr/share/texlive/texmf-dist/tex/latex/psnfss/t1phv.fd) (./Rd2.toc)
(/usr/share/texlive/texmf-dist/tex/latex/base/utf8.def) [1{/usr/share/texlive/t
exmf/fonts/map/pdftex/updmap/pdftex.map}]
(/usr/share/texlive/texmf-dist/tex/latex/base/utf8.def) [2]
(/usr/share/texlive/texmf-dist/tex/latex/base/utf8.def) [3]
Overfull \hbox (20.58041pt too wide) in paragraph at lines 137--137
 []\T1/pcr/m/n/9 Get_Kernel_Matrix(y.list, x.list, G.list, n.cohort = 4, Group_
Idx=c(1,1,2,3))[] 

Overfull \hbox (69.18036pt too wide) in paragraph at lines 140--140
 []\T1/pcr/m/n/9 Get_Kernel_Matrix(y.list, x.list, G.list, n.cohort = 4, is.Gen
etic.Similarity = FALSE)[] 
(/usr/share/texlive/texmf-dist/tex/latex/base/utf8.def)
(/usr/share/texlive/texmf-dist/tex/latex/base/utf8.def)
Overfull \hbox (5.76704pt too wide) in paragraph at lines 171--172
[]\T1/ptm/m/n/10 Compute model pa-ram-e-ters and resid-u-als un-der the null mo
del (H0) of no as-so-ci-a-tions for population-

Overfull \hbox (6.78088pt too wide) in paragraph at lines 176--176
 []\T1/pcr/m/n/10 TransMeta_Rare_Null_Model(y.list, x.list, n.cohort, out_type 
= "C",[] 
[4]
Overfull \hbox (58.38037pt too wide) in paragraph at lines 217--217
 []\T1/pcr/m/n/9 TransMeta_Rare_wZ (G.list[[1]], obj, Kernel = Genetic_Kernel)$
p.value.normCopula.adj[] 

Overfull \hbox (4.38043pt too wide) in paragraph at lines 223--223
 []\T1/pcr/m/n/9 obj = TransMeta_Rare_Null_Model (y.list, x.list, n.cohort=4, o
ut_type="C")[] 

Overfull \hbox (58.38037pt too wide) in paragraph at lines 225--225
 []\T1/pcr/m/n/9 TransMeta_Rare_wZ (G.list[[1]], obj, Kernel = Genetic_Kernel)$
p.value.normCopula.adj[] 
(/usr/share/texlive/texmf-dist/tex/latex/base/utf8.def) [5]
Overfull \hbox (42.78088pt too wide) in paragraph at lines 239--239
 []\T1/pcr/m/n/10 TransMeta_Rare_Null_Model_EmmaX(y.list, x.list, n.cohort, out
_type = "C",[] 

Overfull \hbox (74.58035pt too wide) in paragraph at lines 283--283
 []\T1/pcr/m/n/9 obj = TransMeta_Rare_Null_Model_EmmaX(y.list, x.list, n.cohort
=4, out_type="C", K.list)[] 

Overfull \hbox (58.38037pt too wide) in paragraph at lines 285--285
 []\T1/pcr/m/n/9 TransMeta_Rare_wZ (G.list[[1]], obj, Kernel = Genetic_Kernel)$
p.value.normCopula.adj[] 
[6] (/usr/share/texlive/texmf-dist/tex/latex/base/utf8.def)
Overfull \hbox (54.78088pt too wide) in paragraph at lines 301--301
 []\T1/pcr/m/n/10 TransMeta_Rare_wZ(Z, obj, combined.weight = FALSE, weights.be
ta = c(1, 25),[] 

Overfull \hbox (18.78088pt too wide) in paragraph at lines 303--303
 [] \T1/pcr/m/n/10 rho1 = c(0, 1), rho2 = c(0, 0.09, 0.25, 1), impute.method = 
"fixed",[] 

Overfull \hbox (74.5871pt too wide) in paragraph at lines 314--315
[]\T1/ptm/m/n/10 an out-put ob-ject from the Trans-Meta_Rare_Null_Model or Tran
s-Meta_Rare_Null_Model_EmmaX
[7] [8]
Overfull \hbox (58.38037pt too wide) in paragraph at lines 376--376
 []\T1/pcr/m/n/9 TransMeta_Rare_wZ (G.list[[1]], obj, Kernel = Genetic_Kernel)$
p.value.normCopula.adj[] 

Overfull \hbox (25.98041pt too wide) in paragraph at lines 380--380
 []\T1/pcr/m/n/9 Genetic_Kernel_Group = Get_Kernel_Matrix(y.list, x.list, G.lis
t, n.cohort = 4,[] 

Overfull \hbox (69.18036pt too wide) in paragraph at lines 388--388
 []\T1/pcr/m/n/9 obj<-TransMeta_Rare_Null_Model_EmmaX(y.list, x.list, n.cohort=
4, out_type="C", K.list)[] 

Overfull \hbox (58.38037pt too wide) in paragraph at lines 390--390
 []\T1/pcr/m/n/9 TransMeta_Rare_wZ (G.list[[1]], obj, Kernel = Genetic_Kernel)$
p.value.normCopula.adj[] 
(/usr/share/texlive/texmf-dist/tex/latex/base/utf8.def)
(/usr/share/texlive/texmf-dist/tex/latex/base/utf8.def) [9] (./Rd2.ind [10]
[11]) (./Rd2.aux) )
(see the transcript file for additional information){/usr/share/texlive/texmf-d
ist/fonts/enc/dvips/base/8r.enc}</usr/share/texlive/texmf-dist/fonts/type1/publ
ic/amsfonts/cm/cmmi10.pfb></usr/share/texlive/texmf-dist/fonts/type1/public/ams
fonts/cm/cmmi7.pfb></usr/share/texlive/texmf-dist/fonts/type1/public/amsfonts/c
m/cmsy10.pfb></usr/share/texlive/texmf-dist/fonts/type1/urw/courier/ucrr8a.pfb>
</usr/share/texlive/texmf-dist/fonts/type1/urw/courier/ucrro8a.pfb></usr/share/
texlive/texmf-dist/fonts/type1/urw/helvetic/uhvr8a.pfb></usr/share/texlive/texm
f-dist/fonts/type1/urw/times/utmb8a.pfb></usr/share/texlive/texmf-dist/fonts/ty
pe1/urw/times/utmr8a.pfb></usr/share/texlive/texmf-dist/fonts/type1/urw/times/u
tmr8a.pfb></usr/share/texlive/texmf-dist/fonts/type1/urw/times/utmri8a.pfb>
Output written on Rd2.pdf (11 pages, 120478 bytes).
Transcript written on Rd2.log.
Saving output to 'TransMetaRare-manual.pdf' ...
Done
You may want to clean up by 'rm -rf /tmp/Rtmp3nGcZ7/Rd2pdf65dc1a811e18'
